%!Adobe-FontList 1.16
%Locale:0x409

%BeginFont
Handler:DirectoryHandler
FontType:Invalid
OutlineFileName:W:\bootstrap_5\8. bts5_PureLIte_project\Font\Roboto\LICENSE.txt
FileModTime:1357668000
%EndFont

%BeginFont
Handler:DirectoryHandler
FontType:TrueType
FontName:Roboto-Black
FamilyName:Roboto
StyleName:Black
FullName:Roboto Black
MenuName:Roboto Black
StyleBits:0
WritingScript:Roman
OutlineFileName:W:\bootstrap_5\8. bts5_PureLIte_project\Font\Roboto\Roboto-Black.ttf
DataFormat:sfntData
FileLength:168060
FileModTime:1357668000
WeightClass:900
WidthClass:5
AngleClass:0
NameArray:0,Win,1,Roboto Black
NameArray:0,Win,16,Roboto
%EndFont

%BeginFont
Handler:DirectoryHandler
FontType:TrueType
FontName:Roboto-Light
FamilyName:Roboto
StyleName:Light
FullName:Roboto Light
MenuName:Roboto Light
StyleBits:0
WritingScript:Roman
OutlineFileName:W:\bootstrap_5\8. bts5_PureLIte_project\Font\Roboto\Roboto-Light.ttf
DataFormat:sfntData
FileLength:167000
FileModTime:1357668000
WeightClass:300
WidthClass:5
AngleClass:0
NameArray:0,Win,1,Roboto Light
NameArray:0,Win,16,Roboto
%EndFont

%BeginFont
Handler:DirectoryHandler
FontType:Invalid
OutlineFileName:W:\bootstrap_5\8. bts5_PureLIte_project\Font\Open_Sans\LICENSE.txt
FileModTime:1296583200
%EndFont

%BeginFont
Handler:DirectoryHandler
FontType:TrueType
FontName:OpenSans-SemiBold
FamilyName:Open Sans
StyleName:SemiBold
FullName:Open Sans SemiBold
MenuName:Open Sans SemiBold
StyleBits:0
WritingScript:Roman
OutlineFileName:W:\bootstrap_5\8. bts5_PureLIte_project\Font\Open_Sans\OpenSans-SemiBold.ttf
DataFormat:sfntData
FileLength:100820
FileModTime:1296583200
WeightClass:600
WidthClass:5
AngleClass:0
NameArray:0,Win,1,Open Sans SemiBold
NameArray:0,Win,16,Open Sans
%EndFont

%BeginFont
Handler:DirectoryHandler
FontType:TrueType
FontName:Michroma
FamilyName:Michroma
StyleName:Regular
FullName:Michroma
MenuName:Michroma
StyleBits:0
WritingScript:Roman
OutlineFileName:W:\bootstrap_5\8. bts5_PureLIte_project\Font\Michroma\Michroma-Regular.ttf
DataFormat:sfntData
FileLength:58528
FileModTime:1301421600
WeightClass:400
WidthClass:5
AngleClass:0
NameArray:0,Win,1,Michroma
%EndFont

%BeginFont
Handler:DirectoryHandler
FontType:Invalid
OutlineFileName:W:\bootstrap_5\8. bts5_PureLIte_project\Font\Michroma\OFL.txt
FileModTime:1301421600
%EndFont

